2026-01-11 11:18:37,112 - INFO - Starting YC list scraper (HTML parser, first page only for now)
2026-01-11 11:18:38,761 - INFO - HTML length for page 1: 16806
2026-01-11 11:18:38,762 - INFO - HTML preview:
<!DOCTYPE html><html lang="en"><head><title>The YC Startup Directory | Y Combinator</title><meta name="csrf-param" content="authenticity_token" />
<meta name="csrf-token" content="CkV6qCfi0a-k8FQTKRAqb8nSbIWGSjc28ABlQ45-q2vIJ3GlaBuZR1J0GKadyMqe4M0gMA0wPA_OV9ax1Guz4w" /><meta charset="utf-8" /><meta content="IE=edge;chrome=1" http-equiv="X-UA-Compatible" /><script nonce="TgmdB8J/4ujoGLNpca/ZVQ==">(function(i,s,o,g,r,a,m){i['GoogleAnalyticsObject']=r;i[r]=i[r]||function(){
(i[r].q=i[r].q||[]).push
2026-01-11 11:18:38,767 - INFO - Parsed 0 companies from page
2026-01-11 11:18:38,768 - INFO - Inserted/updated 0 companies in 1.66s
2026-01-11 12:01:30,056 - INFO - Fetching all YC companies from https://yc-oss.github.io/api/companies/all.json
2026-01-11 12:01:31,628 - INFO - Fetched 5610 companies from YC-OSS API
2026-01-11 12:01:33,988 - INFO - Seeding companies and snapshots into PostgreSQL
2026-01-11 12:01:34,629 - ERROR - Error processing company index 1: column "founded_year" of relation "companies" does not exist
LINE 2: ...SERT INTO companies (yc_company_id, name, domain, founded_ye...
                                                             ^


psycopg2.errors.NotNullViolation: null value in column "data_hash" of relation "company_snapshots" violates not-null constraint
DETAIL:  Failing row contains (1050, 4020, Winter 2012, Inactive, BookSolid is the opentable for tour operators., null, ["Marketplace", "Travel"], 1-10, 2026-01-11 07:30:25.083099+00, null, c6b119130f7d8a3fb6e08e507f665530e9012181d61dfc1e04082e28767319e1).

2026-01-11 13:12:47,540 - INFO - Fetching all YC companies from YC-OSS API
2026-01-11 13:12:48,771 - INFO - Fetched 5610 companies
2026-01-11 13:13:41,935 - INFO - Fetching all YC companies from YC-OSS API
2026-01-11 13:13:43,603 - INFO - Fetched 5610 companies
2026-01-11 13:15:16,726 - INFO - Processed 100/5610
2026-01-11 13:16:46,796 - INFO - Processed 200/5610
2026-01-11 13:18:17,018 - INFO - Processed 300/5610
2026-01-11 13:19:47,100 - INFO - Processed 400/5610
2026-01-11 13:21:17,254 - INFO - Processed 500/5610
2026-01-11 13:22:47,467 - INFO - Processed 600/5610
2026-01-11 13:24:17,870 - INFO - Processed 700/5610
2026-01-11 13:25:48,524 - INFO - Processed 800/5610
2026-01-11 13:27:19,037 - INFO - Processed 900/5610
2026-01-11 13:28:49,691 - INFO - Processed 1000/5610
2026-01-11 13:30:20,014 - INFO - Processed 1100/5610
2026-01-11 13:31:50,996 - INFO - Processed 1200/5610
2026-01-11 13:33:21,610 - INFO - Processed 1300/5610
2026-01-11 13:34:51,880 - INFO - Processed 1400/5610
2026-01-11 13:36:22,996 - INFO - Processed 1500/5610
2026-01-11 13:38:04,550 - INFO - Processed 1600/5610
2026-01-11 13:39:38,985 - INFO - Processed 1700/5610
2026-01-11 13:41:17,404 - INFO - Processed 1800/5610
2026-01-11 13:43:02,204 - INFO - Processed 1900/5610
2026-01-11 13:44:39,193 - INFO - Processed 2000/5610
2026-01-11 13:46:11,244 - INFO - Processed 2100/5610
2026-01-11 13:47:43,058 - INFO - Processed 2200/5610
2026-01-11 13:49:22,769 - INFO - Processed 2300/5610
2026-01-11 13:51:04,387 - INFO - Processed 2400/5610
2026-01-11 13:52:49,253 - INFO - Processed 2500/5610
2026-01-11 13:54:33,320 - INFO - Processed 2600/5610
2026-01-11 13:56:13,420 - INFO - Processed 2700/5610
2026-01-11 13:57:46,728 - INFO - Processed 2800/5610
2026-01-11 13:59:20,470 - INFO - Processed 2900/5610
2026-01-11 14:00:54,358 - INFO - Processed 3000/5610
2026-01-11 14:02:40,451 - INFO - Processed 3100/5610
2026-01-11 14:04:28,633 - INFO - Processed 3200/5610
2026-01-11 14:06:07,925 - INFO - Processed 3300/5610
2026-01-11 14:07:45,268 - INFO - Processed 3400/5610
2026-01-11 14:09:33,800 - INFO - Processed 3500/5610
2026-01-11 14:11:16,346 - INFO - Processed 3600/5610
2026-01-11 14:12:51,750 - INFO - Processed 3700/5610
2026-01-11 14:14:36,215 - INFO - Processed 3800/5610
2026-01-11 14:16:17,794 - INFO - Processed 3900/5610
2026-01-11 14:17:56,160 - INFO - Processed 4000/5610
2026-01-11 14:19:40,506 - INFO - Processed 4100/5610
2026-01-11 14:21:30,943 - INFO - Processed 4200/5610
2026-01-11 14:23:18,482 - INFO - Processed 4300/5610
2026-01-11 14:25:06,350 - INFO - Processed 4400/5610
2026-01-11 14:26:45,511 - INFO - Processed 4500/5610
2026-01-11 14:28:20,320 - INFO - Processed 4600/5610
2026-01-11 14:29:53,236 - INFO - Processed 4700/5610
2026-01-11 14:31:26,393 - INFO - Processed 4800/5610
2026-01-11 14:32:55,199 - INFO - Processed 4900/5610
2026-01-11 14:34:30,538 - INFO - Processed 5000/5610
2026-01-11 14:36:05,192 - INFO - Processed 5100/5610
2026-01-11 14:37:51,666 - INFO - Processed 5200/5610
2026-01-11 14:39:43,293 - INFO - Processed 5300/5610
2026-01-11 14:41:33,594 - INFO - Processed 5400/5610
2026-01-11 14:43:25,340 - INFO - Processed 5500/5610
2026-01-11 14:45:08,508 - INFO - Processed 5600/5610
2026-01-11 14:45:20,721 - INFO - Seeding completed
2026-01-11 14:45:20,722 - INFO - Total processed: 5610
2026-01-11 14:45:20,722 - INFO - New snapshots: 5610
2026-01-11 14:45:20,722 - INFO - Unchanged: 0
2026-01-11 14:45:20,723 - INFO - Failed: 0
2026-01-11 14:45:20,723 - INFO - Total runtime: 5497.76s
2026-01-11 15:13:37,114 - INFO - Processing 10 companies
2026-01-11 15:13:41,261 - INFO - [1/10] 531
2026-01-11 15:13:41,262 - INFO - Opening https://www.ycombinator.com/companies/531
2026-01-11 15:13:45,726 - ERROR - Failed 531
Traceback (most recent call last):
  File "c:\Users\abhij\OneDrive\Desktop\yc-intel-advanced\scraper\html_detail_scraper.py", line 162, in run
    data = scrape_company_page(page, company["slug"])
  File "c:\Users\abhij\OneDrive\Desktop\yc-intel-advanced\scraper\html_detail_scraper.py", line 113, in scrape_company_page
    batch = labeled_value("Batch")
  File "c:\Users\abhij\OneDrive\Desktop\yc-intel-advanced\scraper\html_detail_scraper.py", line 111, in labeled_value
    return value_el.inner_text().strip() if value_el else None
           ^^^^^^^^^^^^^^^^^^^
AttributeError: 'JSHandle' object has no attribute 'inner_text'
2026-01-11 15:13:46,129 - INFO - [2/10] 271
2026-01-11 15:13:46,129 - INFO - Opening https://www.ycombinator.com/companies/271
2026-01-11 15:13:50,872 - ERROR - Failed 271
Traceback (most recent call last):
  File "c:\Users\abhij\OneDrive\Desktop\yc-intel-advanced\scraper\html_detail_scraper.py", line 162, in run
    data = scrape_company_page(page, company["slug"])
  File "c:\Users\abhij\OneDrive\Desktop\yc-intel-advanced\scraper\html_detail_scraper.py", line 113, in scrape_company_page
    batch = labeled_value("Batch")
  File "c:\Users\abhij\OneDrive\Desktop\yc-intel-advanced\scraper\html_detail_scraper.py", line 111, in labeled_value
    return value_el.inner_text().strip() if value_el else None
           ^^^^^^^^^^^^^^^^^^^
AttributeError: 'JSHandle' object has no attribute 'inner_text'
2026-01-11 15:13:51,274 - INFO - [3/10] 439
2026-01-11 15:13:51,275 - INFO - Opening https://www.ycombinator.com/companies/439
2026-01-11 15:13:54,365 - ERROR - Failed 439
Traceback (most recent call last):
  File "c:\Users\abhij\OneDrive\Desktop\yc-intel-advanced\scraper\html_detail_scraper.py", line 162, in run
    data = scrape_company_page(page, company["slug"])
  File "c:\Users\abhij\OneDrive\Desktop\yc-intel-advanced\scraper\html_detail_scraper.py", line 113, in scrape_company_page
    batch = labeled_value("Batch")
  File "c:\Users\abhij\OneDrive\Desktop\yc-intel-advanced\scraper\html_detail_scraper.py", line 111, in labeled_value
    return value_el.inner_text().strip() if value_el else None
           ^^^^^^^^^^^^^^^^^^^
AttributeError: 'JSHandle' object has no attribute 'inner_text'
2026-01-11 15:13:54,766 - INFO - [4/10] 468
2026-01-11 15:13:54,766 - INFO - Opening https://www.ycombinator.com/companies/468
2026-01-11 15:13:58,472 - ERROR - Failed 468
Traceback (most recent call last):
  File "c:\Users\abhij\OneDrive\Desktop\yc-intel-advanced\scraper\html_detail_scraper.py", line 162, in run
    data = scrape_company_page(page, company["slug"])
  File "c:\Users\abhij\OneDrive\Desktop\yc-intel-advanced\scraper\html_detail_scraper.py", line 113, in scrape_company_page
    batch = labeled_value("Batch")
  File "c:\Users\abhij\OneDrive\Desktop\yc-intel-advanced\scraper\html_detail_scraper.py", line 111, in labeled_value
    return value_el.inner_text().strip() if value_el else None
           ^^^^^^^^^^^^^^^^^^^
AttributeError: 'JSHandle' object has no attribute 'inner_text'
2026-01-11 15:13:58,874 - INFO - [5/10] 731
2026-01-11 15:13:58,874 - INFO - Opening https://www.ycombinator.com/companies/731
2026-01-11 15:14:01,998 - ERROR - Failed 731
Traceback (most recent call last):
  File "c:\Users\abhij\OneDrive\Desktop\yc-intel-advanced\scraper\html_detail_scraper.py", line 162, in run
    data = scrape_company_page(page, company["slug"])
  File "c:\Users\abhij\OneDrive\Desktop\yc-intel-advanced\scraper\html_detail_scraper.py", line 113, in scrape_company_page
    batch = labeled_value("Batch")
  File "c:\Users\abhij\OneDrive\Desktop\yc-intel-advanced\scraper\html_detail_scraper.py", line 111, in labeled_value
    return value_el.inner_text().strip() if value_el else None
           ^^^^^^^^^^^^^^^^^^^
AttributeError: 'JSHandle' object has no attribute 'inner_text'
2026-01-11 15:14:02,400 - INFO - [6/10] 1839
2026-01-11 15:14:02,401 - INFO - Opening https://www.ycombinator.com/companies/1839
2026-01-11 15:14:06,126 - ERROR - Failed 1839
Traceback (most recent call last):
  File "c:\Users\abhij\OneDrive\Desktop\yc-intel-advanced\scraper\html_detail_scraper.py", line 162, in run
    data = scrape_company_page(page, company["slug"])
  File "c:\Users\abhij\OneDrive\Desktop\yc-intel-advanced\scraper\html_detail_scraper.py", line 113, in scrape_company_page
    batch = labeled_value("Batch")
  File "c:\Users\abhij\OneDrive\Desktop\yc-intel-advanced\scraper\html_detail_scraper.py", line 111, in labeled_value
    return value_el.inner_text().strip() if value_el else None
           ^^^^^^^^^^^^^^^^^^^
AttributeError: 'JSHandle' object has no attribute 'inner_text'
2026-01-11 15:14:06,529 - INFO - [7/10] 1266
2026-01-11 15:14:06,529 - INFO - Opening https://www.ycombinator.com/companies/1266
2026-01-11 15:14:10,974 - ERROR - Failed 1266
Traceback (most recent call last):
  File "c:\Users\abhij\OneDrive\Desktop\yc-intel-advanced\scraper\html_detail_scraper.py", line 162, in run
    data = scrape_company_page(page, company["slug"])
  File "c:\Users\abhij\OneDrive\Desktop\yc-intel-advanced\scraper\html_detail_scraper.py", line 113, in scrape_company_page
    batch = labeled_value("Batch")
  File "c:\Users\abhij\OneDrive\Desktop\yc-intel-advanced\scraper\html_detail_scraper.py", line 111, in labeled_value
    return value_el.inner_text().strip() if value_el else None
           ^^^^^^^^^^^^^^^^^^^
AttributeError: 'JSHandle' object has no attribute 'inner_text'
2026-01-11 15:14:11,377 - INFO - [8/10] 700
2026-01-11 15:14:11,377 - INFO - Opening https://www.ycombinator.com/companies/700
2026-01-11 15:14:15,070 - ERROR - Failed 700
Traceback (most recent call last):
  File "c:\Users\abhij\OneDrive\Desktop\yc-intel-advanced\scraper\html_detail_scraper.py", line 162, in run
    data = scrape_company_page(page, company["slug"])
  File "c:\Users\abhij\OneDrive\Desktop\yc-intel-advanced\scraper\html_detail_scraper.py", line 113, in scrape_company_page
    batch = labeled_value("Batch")
  File "c:\Users\abhij\OneDrive\Desktop\yc-intel-advanced\scraper\html_detail_scraper.py", line 111, in labeled_value
    return value_el.inner_text().strip() if value_el else None
           ^^^^^^^^^^^^^^^^^^^
AttributeError: 'JSHandle' object has no attribute 'inner_text'
2026-01-11 15:14:15,472 - INFO - [9/10] 325
2026-01-11 15:14:15,472 - INFO - Opening https://www.ycombinator.com/companies/325
2026-01-11 15:14:18,637 - ERROR - Failed 325
Traceback (most recent call last):
  File "c:\Users\abhij\OneDrive\Desktop\yc-intel-advanced\scraper\html_detail_scraper.py", line 162, in run
    data = scrape_company_page(page, company["slug"])
  File "c:\Users\abhij\OneDrive\Desktop\yc-intel-advanced\scraper\html_detail_scraper.py", line 113, in scrape_company_page
    batch = labeled_value("Batch")
  File "c:\Users\abhij\OneDrive\Desktop\yc-intel-advanced\scraper\html_detail_scraper.py", line 111, in labeled_value
    return value_el.inner_text().strip() if value_el else None
           ^^^^^^^^^^^^^^^^^^^
AttributeError: 'JSHandle' object has no attribute 'inner_text'
2026-01-11 15:14:19,039 - INFO - [10/10] 810
2026-01-11 15:14:19,040 - INFO - Opening https://www.ycombinator.com/companies/810
2026-01-11 15:14:38,500 - ERROR - Failed 810
Traceback (most recent call last):
  File "c:\Users\abhij\OneDrive\Desktop\yc-intel-advanced\scraper\html_detail_scraper.py", line 162, in run
    data = scrape_company_page(page, company["slug"])
  File "c:\Users\abhij\OneDrive\Desktop\yc-intel-advanced\scraper\html_detail_scraper.py", line 113, in scrape_company_page
    batch = labeled_value("Batch")
  File "c:\Users\abhij\OneDrive\Desktop\yc-intel-advanced\scraper\html_detail_scraper.py", line 111, in labeled_value
    return value_el.inner_text().strip() if value_el else None
           ^^^^^^^^^^^^^^^^^^^
AttributeError: 'JSHandle' object has no attribute 'inner_text'
2026-01-11 15:14:41,352 - INFO - HTML detail scraping completed
2026-01-11 15:14:41,352 - INFO - New snapshots: 0
2026-01-11 15:14:41,352 - INFO - Unchanged: 0
2026-01-11 15:14:41,353 - INFO - Failed: 10
2026-01-11 15:14:41,353 - INFO - Runtime: 66.40s
