2026-01-10 13:44:48,722 - INFO - Starting YC list scraper (page 1 only for now)
2026-01-10 13:44:50,305 - INFO - Parsed 0 companies from page
2026-01-10 13:44:50,305 - INFO - Inserted/updated 0 companies in 1.58s
2026-01-10 13:48:12,224 - INFO - Starting YC list scraper (JSON API, all pages)
2026-01-10 13:48:12,225 - INFO - Fetching page 1
2026-01-10 13:49:33,712 - INFO - Starting YC list scraper (JSON API, all pages)
2026-01-10 13:49:33,713 - INFO - Fetching page 1
2026-01-10 13:49:34,571 - INFO - HTML length for page 1: 16806
2026-01-10 13:49:34,571 - INFO - HTML preview:
<!DOCTYPE html><html lang="en"><head><title>The YC Startup Directory | Y Combinator</title><meta name="csrf-param" content="authenticity_token" />
<meta name="csrf-token" content="tqve6JQNPZcFKJW5lQpymG5tLf78aKxG2S0R3fbsKtKH6SDtzrMPSzpXnToHATfd8n5ghusHqxQNdFzht0UqxA" /><meta charset="utf-8" /><meta content="IE=edge;chrome=1" http-equiv="X-UA-Compatible" /><script nonce="sGn+O7C4Mw8xtHRvuYS95A==">(function(i,s,o,g,r,a,m){i['GoogleAnalyticsObject']=r;i[r]=i[r]||function(){
(i[r].q=i[r].q||[]).push
2026-01-10 13:50:55,799 - INFO - Starting YC list scraper (HTML parser, first page only for now)
2026-01-10 13:50:57,340 - INFO - HTML length for page 1: 16806
2026-01-10 13:50:57,340 - INFO - HTML preview:
<!DOCTYPE html><html lang="en"><head><title>The YC Startup Directory | Y Combinator</title><meta name="csrf-param" content="authenticity_token" />
<meta name="csrf-token" content="XvE4n0DBj2-CoqO5iyRimrdUWTXX549p-zSzsoULAv0ZO5s4yB46v32RlwGDDzuCVnfpCzfs3AzQ1qqa-hBhVA" /><meta charset="utf-8" /><meta content="IE=edge;chrome=1" http-equiv="X-UA-Compatible" /><script nonce="ywYRb8t8QkR3J8sxIEEJ7g==">(function(i,s,o,g,r,a,m){i['GoogleAnalyticsObject']=r;i[r]=i[r]||function(){
(i[r].q=i[r].q||[]).push
2026-01-10 13:50:57,345 - INFO - Parsed 0 companies from page
2026-01-10 13:50:57,346 - INFO - Inserted/updated 0 companies in 1.55s
